# JRE version: OpenJDK Runtime Environment (8.0_202-b03) (build 1.8.0_202-release-1483-b03)
# Java VM: OpenJDK 64-Bit Server VM (25.202-b03 mixed mode windows-amd64 compressed oops)
Heap:
 PSYoungGen      total 150016K, used 53824K [0x00000000eab00000, 0x00000000f4d80000, 0x0000000100000000)
  eden space 140800K, 31% used [0x00000000eab00000,0x00000000ed696660,0x00000000f3480000)
  from space 9216K, 99% used [0x00000000f3d80000,0x00000000f4679a80,0x00000000f4680000)
  to   space 7168K, 0% used [0x00000000f4680000,0x00000000f4680000,0x00000000f4d80000)
 ParOldGen       total 169472K, used 19292K [0x00000000c0000000, 0x00000000ca580000, 0x00000000eab00000)
  object space 169472K, 11% used [0x00000000c0000000,0x00000000c12d70c8,0x00000000ca580000)
 Metaspace       used 51353K, capacity 52596K, committed 52992K, reserved 1095680K
  class space    used 6675K, capacity 7077K, committed 7168K, reserved 1048576K
GC Heap History (10 events):
Event: 367.018 GC heap before
{Heap before GC invocations=13 (full 2):
 PSYoungGen      total 166400K, used 163442K [0x00000000eab00000, 0x00000000f5980000, 0x0000000100000000)
  eden space 154624K, 100% used [0x00000000eab00000,0x00000000f4200000,0x00000000f4200000)
  from space 11776K, 74% used [0x00000000f4d80000,0x00000000f561ca78,0x00000000f5900000)
  to   space 11776K, 0% used [0x00000000f4200000,0x00000000f4200000,0x00000000f4d80000)
 ParOldGen       total 169472K, used 14361K [0x00000000c0000000, 0x00000000ca580000, 0x00000000eab00000)
  object space 169472K, 8% used [0x00000000c0000000,0x00000000c0e06460,0x00000000ca580000)
 Metaspace       used 43503K, capacity 44450K, committed 44672K, reserved 1087488K
  class space    used 5684K, capacity 5959K, committed 6016K, reserved 1048576K
Event: 367.029 GC heap after
Heap after GC invocations=13 (full 2):
 PSYoungGen      total 160256K, used 8818K [0x00000000eab00000, 0x00000000f5580000, 0x0000000100000000)
  eden space 151040K, 0% used [0x00000000eab00000,0x00000000eab00000,0x00000000f3e80000)
  from space 9216K, 95% used [0x00000000f4200000,0x00000000f4a9c840,0x00000000f4b00000)
  to   space 10752K, 0% used [0x00000000f4b00000,0x00000000f4b00000,0x00000000f5580000)
 ParOldGen       total 169472K, used 14369K [0x00000000c0000000, 0x00000000ca580000, 0x00000000eab00000)
  object space 169472K, 8% used [0x00000000c0000000,0x00000000c0e08460,0x00000000ca580000)
 Metaspace       used 43503K, capacity 44450K, committed 44672K, reserved 1087488K
  class space    used 5684K, capacity 5959K, committed 6016K, reserved 1048576K
}
Event: 367.971 GC heap before
{Heap before GC invocations=14 (full 2):
 PSYoungGen      total 160256K, used 159858K [0x00000000eab00000, 0x00000000f5580000, 0x0000000100000000)
  eden space 151040K, 100% used [0x00000000eab00000,0x00000000f3e80000,0x00000000f3e80000)
  from space 9216K, 95% used [0x00000000f4200000,0x00000000f4a9c840,0x00000000f4b00000)
  to   space 10752K, 0% used [0x00000000f4b00000,0x00000000f4b00000,0x00000000f5580000)
 ParOldGen       total 169472K, used 14369K [0x00000000c0000000, 0x00000000ca580000, 0x00000000eab00000)
  object space 169472K, 8% used [0x00000000c0000000,0x00000000c0e08460,0x00000000ca580000)
 Metaspace       used 43506K, capacity 44450K, committed 44672K, reserved 1087488K
  class space    used 5684K, capacity 5959K, committed 6016K, reserved 1048576K
Event: 367.982 GC heap after
Heap after GC invocations=14 (full 2):
 PSYoungGen      total 158208K, used 10728K [0x00000000eab00000, 0x00000000f5580000, 0x0000000100000000)
  eden space 147456K, 0% used [0x00000000eab00000,0x00000000eab00000,0x00000000f3b00000)
  from space 10752K, 99% used [0x00000000f4b00000,0x00000000f557a190,0x00000000f5580000)
  to   space 12288K, 0% used [0x00000000f3d80000,0x00000000f3d80000,0x00000000f4980000)
 ParOldGen       total 169472K, used 14745K [0x00000000c0000000, 0x00000000ca580000, 0x00000000eab00000)
  object space 169472K, 8% used [0x00000000c0000000,0x00000000c0e66460,0x00000000ca580000)
 Metaspace       used 43506K, capacity 44450K, committed 44672K, reserved 1087488K
  class space    used 5684K, capacity 5959K, committed 6016K, reserved 1048576K
}
Event: 369.152 GC heap before
{Heap before GC invocations=15 (full 2):
 PSYoungGen      total 158208K, used 158184K [0x00000000eab00000, 0x00000000f5580000, 0x0000000100000000)
  eden space 147456K, 100% used [0x00000000eab00000,0x00000000f3b00000,0x00000000f3b00000)
  from space 10752K, 99% used [0x00000000f4b00000,0x00000000f557a190,0x00000000f5580000)
  to   space 12288K, 0% used [0x00000000f3d80000,0x00000000f3d80000,0x00000000f4980000)
 ParOldGen       total 169472K, used 14745K [0x00000000c0000000, 0x00000000ca580000, 0x00000000eab00000)
  object space 169472K, 8% used [0x00000000c0000000,0x00000000c0e66460,0x00000000ca580000)
 Metaspace       used 43508K, capacity 44450K, committed 44672K, reserved 1087488K
  class space    used 5684K, capacity 5959K, committed 6016K, reserved 1048576K
Event: 369.161 GC heap after
Heap after GC invocations=15 (full 2):
 PSYoungGen      total 153088K, used 8981K [0x00000000eab00000, 0x00000000f4e80000, 0x0000000100000000)
  eden space 143872K, 0% used [0x00000000eab00000,0x00000000eab00000,0x00000000f3780000)
  from space 9216K, 97% used [0x00000000f3d80000,0x00000000f46455f0,0x00000000f4680000)
  to   space 8192K, 0% used [0x00000000f4680000,0x00000000f4680000,0x00000000f4e80000)
 ParOldGen       total 169472K, used 14745K [0x00000000c0000000, 0x00000000ca580000, 0x00000000eab00000)
  object space 169472K, 8% used [0x00000000c0000000,0x00000000c0e66460,0x00000000ca580000)
 Metaspace       used 43508K, capacity 44450K, committed 44672K, reserved 1087488K
  class space    used 5684K, capacity 5959K, committed 6016K, reserved 1048576K
}
Event: 369.822 GC heap before
{Heap before GC invocations=16 (full 2):
 PSYoungGen      total 153088K, used 152853K [0x00000000eab00000, 0x00000000f4e80000, 0x0000000100000000)
  eden space 143872K, 100% used [0x00000000eab00000,0x00000000f3780000,0x00000000f3780000)
  from space 9216K, 97% used [0x00000000f3d80000,0x00000000f46455f0,0x00000000f4680000)
  to   space 8192K, 0% used [0x00000000f4680000,0x00000000f4680000,0x00000000f4e80000)
 ParOldGen       total 169472K, used 14745K [0x00000000c0000000, 0x00000000ca580000, 0x00000000eab00000)
  object space 169472K, 8% used [0x00000000c0000000,0x00000000c0e66460,0x00000000ca580000)
 Metaspace       used 43510K, capacity 44450K, committed 44672K, reserved 1087488K
  class space    used 5684K, capacity 5959K, committed 6016K, reserved 1048576K
Event: 369.832 GC heap after
Heap after GC invocations=16 (full 2):
 PSYoungGen      total 152064K, used 8183K [0x00000000eab00000, 0x00000000f4e80000, 0x0000000100000000)
  eden space 143872K, 0% used [0x00000000eab00000,0x00000000eab00000,0x00000000f3780000)
  from space 8192K, 99% used [0x00000000f4680000,0x00000000f4e7dcb0,0x00000000f4e80000)
  to   space 9216K, 0% used [0x00000000f3d80000,0x00000000f3d80000,0x00000000f4680000)
 ParOldGen       total 169472K, used 15323K [0x00000000c0000000, 0x00000000ca580000, 0x00000000eab00000)
  object space 169472K, 9% used [0x00000000c0000000,0x00000000c0ef6d90,0x00000000ca580000)
 Metaspace       used 43510K, capacity 44450K, committed 44672K, reserved 1087488K
  class space    used 5684K, capacity 5959K, committed 6016K, reserved 1048576K
}
Event: 371.174 GC heap before
{Heap before GC invocations=17 (full 2):
 PSYoungGen      total 152064K, used 152055K [0x00000000eab00000, 0x00000000f4e80000, 0x0000000100000000)
  eden space 143872K, 100% used [0x00000000eab00000,0x00000000f3780000,0x00000000f3780000)
  from space 8192K, 99% used [0x00000000f4680000,0x00000000f4e7dcb0,0x00000000f4e80000)
  to   space 9216K, 0% used [0x00000000f3d80000,0x00000000f3d80000,0x00000000f4680000)
 ParOldGen       total 169472K, used 15323K [0x00000000c0000000, 0x00000000ca580000, 0x00000000eab00000)
  object space 169472K, 9% used [0x00000000c0000000,0x00000000c0ef6d90,0x00000000ca580000)
 Metaspace       used 48502K, capacity 49772K, committed 50048K, reserved 1093632K
  class space    used 6303K, capacity 6683K, committed 6784K, reserved 1048576K
Event: 371.185 GC heap after
Heap after GC invocations=17 (full 2):
 PSYoungGen      total 150016K, used 9190K [0x00000000eab00000, 0x00000000f4d80000, 0x0000000100000000)
  eden space 140800K, 0% used [0x00000000eab00000,0x00000000eab00000,0x00000000f3480000)
  from space 9216K, 99% used [0x00000000f3d80000,0x00000000f4679a80,0x00000000f4680000)
  to   space 7168K, 0% used [0x00000000f4680000,0x00000000f4680000,0x00000000f4d80000)
 ParOldGen       total 169472K, used 19292K [0x00000000c0000000, 0x00000000ca580000, 0x00000000eab00000)
  object space 169472K, 11% used [0x00000000c0000000,0x00000000c12d70c8,0x00000000ca580000)
 Metaspace       used 48502K, capacity 49772K, committed 50048K, reserved 1093632K
  class space    used 6303K, capacity 6683K, committed 6784K, reserved 1048576K
}

